0 info it worked if it ends with ok
1 verbose cli [ '/usr/local/bin/node', '/usr/local/bin/npm', 'run', 'test' ]
2 info using npm@3.10.3
3 info using node@v6.3.1
4 verbose run-script [ 'pretest', 'test', 'posttest' ]
5 info lifecycle fruit-processing@0.0.1~pretest: fruit-processing@0.0.1
6 silly lifecycle fruit-processing@0.0.1~pretest: no script for pretest, continuing
7 info lifecycle fruit-processing@0.0.1~test: fruit-processing@0.0.1
8 verbose lifecycle fruit-processing@0.0.1~test: unsafe-perm in lifecycle true
9 verbose lifecycle fruit-processing@0.0.1~test: PATH: /usr/local/lib/node_modules/npm/bin/node-gyp-bin:/Users/Karol/Documents/Development/fruit-processing/node_modules/.bin:/usr/local/bin:/Library/Frameworks/Python.framework/Versions/3.6/bin:/Library/Frameworks/Python.framework/Versions/2.7/bin:/usr/local/bin:/usr/bin:/bin:/usr/sbin:/sbin:/Library/Frameworks/Python.framework/Versions/3.6/bin:/Users/Karol/.sdkman/candidates/grails/current/bin:/Library/Frameworks/Python.framework/Versions/2.7/bin:/usr/local/Cellar/android-sdk/24.4.1_1/tools:/usr/local/Cellar/android-sdk/24.4.1_1/platform-tools:/Users/Karol/.rvm/bin:/usr/local/Cellar/android-sdk/24.4.1_1/tools:/usr/local/Cellar/android-sdk/24.4.1_1/platform-tools
10 verbose lifecycle fruit-processing@0.0.1~test: CWD: /Users/Karol/Documents/Development/fruit-processing
11 silly lifecycle fruit-processing@0.0.1~test: Args: [ '-c',
11 silly lifecycle   'node ./node_modules/mocha/bin/mocha --timeout 20000 src/server/tests/' ]
12 silly lifecycle fruit-processing@0.0.1~test: Returned: code: 1  signal: null
13 info lifecycle fruit-processing@0.0.1~test: Failed to exec test script
14 verbose stack Error: fruit-processing@0.0.1 test: `node ./node_modules/mocha/bin/mocha --timeout 20000 src/server/tests/`
14 verbose stack Exit status 1
14 verbose stack     at EventEmitter.<anonymous> (/usr/local/lib/node_modules/npm/lib/utils/lifecycle.js:242:16)
14 verbose stack     at emitTwo (events.js:106:13)
14 verbose stack     at EventEmitter.emit (events.js:191:7)
14 verbose stack     at ChildProcess.<anonymous> (/usr/local/lib/node_modules/npm/lib/utils/spawn.js:40:14)
14 verbose stack     at emitTwo (events.js:106:13)
14 verbose stack     at ChildProcess.emit (events.js:191:7)
14 verbose stack     at maybeClose (internal/child_process.js:852:16)
14 verbose stack     at Process.ChildProcess._handle.onexit (internal/child_process.js:215:5)
15 verbose pkgid fruit-processing@0.0.1
16 verbose cwd /Users/Karol/Documents/Development/fruit-processing
17 error Darwin 17.5.0
18 error argv "/usr/local/bin/node" "/usr/local/bin/npm" "run" "test"
19 error node v6.3.1
20 error npm  v3.10.3
21 error code ELIFECYCLE
22 error fruit-processing@0.0.1 test: `node ./node_modules/mocha/bin/mocha --timeout 20000 src/server/tests/`
22 error Exit status 1
23 error Failed at the fruit-processing@0.0.1 test script 'node ./node_modules/mocha/bin/mocha --timeout 20000 src/server/tests/'.
23 error Make sure you have the latest version of node.js and npm installed.
23 error If you do, this is most likely a problem with the fruit-processing package,
23 error not with npm itself.
23 error Tell the author that this fails on your system:
23 error     node ./node_modules/mocha/bin/mocha --timeout 20000 src/server/tests/
23 error You can get information on how to open an issue for this project with:
23 error     npm bugs fruit-processing
23 error Or if that isn't available, you can get their info via:
23 error     npm owner ls fruit-processing
23 error There is likely additional logging output above.
24 verbose exit [ 1, true ]
